[debug] [2022-08-05T14:24:42.385Z] ----------------------------------------------------------------------
[debug] [2022-08-05T14:24:42.387Z] Command:       C:\Program Files\nodejs\node.exe C:\Users\a\AppData\Roaming\npm\node_modules\firebase-tools\lib\bin\firebase.js init
[debug] [2022-08-05T14:24:42.387Z] CLI Version:   11.1.0
[debug] [2022-08-05T14:24:42.388Z] Platform:      win32
[debug] [2022-08-05T14:24:42.388Z] Node Version:  v16.15.1
[debug] [2022-08-05T14:24:42.389Z] Time:          Fri Aug 05 2022 21:24:42 GMT+0700 (Western Indonesia Time)
[debug] [2022-08-05T14:24:42.389Z] ----------------------------------------------------------------------
[debug] 
[debug] [2022-08-05T14:24:42.397Z] > command requires scopes: ["email","openid","https://www.googleapis.com/auth/cloudplatformprojects.readonly","https://www.googleapis.com/auth/firebase","https://www.googleapis.com/auth/cloud-platform"]
[debug] [2022-08-05T14:24:42.397Z] > authorizing via signed-in user (shafaprmdna2409@gmail.com)
[info] 
     ######## #### ########  ######## ########     ###     ######  ########
     ##        ##  ##     ## ##       ##     ##  ##   ##  ##       ##
     ######    ##  ########  ######   ########  #########  ######  ######
     ##        ##  ##    ##  ##       ##     ## ##     ##       ## ##
     ##       #### ##     ## ######## ########  ##     ##  ######  ########

You're about to initialize a Firebase project in this directory:

  C:\Users\a\Desktop\mern-file\mern-project-course-2\frontend

[info] 
=== Project Setup
[info] 
[info] First, let's associate this project directory with a Firebase project.
[info] You can create multiple project aliases by running firebase use --add, 
[info] but for now we'll just set up a default project.
[info] 
[debug] [2022-08-05T14:24:55.673Z] >>> [apiv2][query] GET https://firebase.googleapis.com/v1beta1/projects pageSize=100
[debug] [2022-08-05T14:24:56.475Z] <<< [apiv2][status] GET https://firebase.googleapis.com/v1beta1/projects 200
[debug] [2022-08-05T14:24:56.475Z] <<< [apiv2][body] GET https://firebase.googleapis.com/v1beta1/projects [omitted]
[debug] [2022-08-05T14:25:22.844Z] ----------------------------------------------------------------------
[debug] [2022-08-05T14:25:22.846Z] Command:       C:\Program Files\nodejs\node.exe C:\Users\a\AppData\Roaming\npm\node_modules\firebase-tools\lib\bin\firebase.js init
[debug] [2022-08-05T14:25:22.846Z] CLI Version:   11.1.0
[debug] [2022-08-05T14:25:22.847Z] Platform:      win32
[debug] [2022-08-05T14:25:22.847Z] Node Version:  v16.15.1
[debug] [2022-08-05T14:25:22.848Z] Time:          Fri Aug 05 2022 21:25:22 GMT+0700 (Western Indonesia Time)
[debug] [2022-08-05T14:25:22.848Z] ----------------------------------------------------------------------
[debug] 
[debug] [2022-08-05T14:25:22.856Z] > command requires scopes: ["email","openid","https://www.googleapis.com/auth/cloudplatformprojects.readonly","https://www.googleapis.com/auth/firebase","https://www.googleapis.com/auth/cloud-platform"]
[debug] [2022-08-05T14:25:22.856Z] > authorizing via signed-in user (shafaprmdna2409@gmail.com)
[info] 
     ######## #### ########  ######## ########     ###     ######  ########
     ##        ##  ##     ## ##       ##     ##  ##   ##  ##       ##
     ######    ##  ########  ######   ########  #########  ######  ######
     ##        ##  ##    ##  ##       ##     ## ##     ##       ## ##
     ##       #### ##     ## ######## ########  ##     ##  ######  ########

You're about to initialize a Firebase project in this directory:

  C:\Users\a\Desktop\mern-file\mern-project-course-2\frontend

[info] 
=== Project Setup
[info] 
[info] First, let's associate this project directory with a Firebase project.
[info] You can create multiple project aliases by running firebase use --add, 
[info] but for now we'll just set up a default project.
[info] 
[info] i  If you want to create a project in a Google Cloud organization or folder, please use "firebase projects:create" instead, and return to this command when you've created the project. 
[debug] [2022-08-05T14:26:19.650Z] ----------------------------------------------------------------------
[debug] [2022-08-05T14:26:19.652Z] Command:       C:\Program Files\nodejs\node.exe C:\Users\a\AppData\Roaming\npm\node_modules\firebase-tools\lib\bin\firebase.js init
[debug] [2022-08-05T14:26:19.653Z] CLI Version:   11.1.0
[debug] [2022-08-05T14:26:19.653Z] Platform:      win32
[debug] [2022-08-05T14:26:19.653Z] Node Version:  v16.15.1
[debug] [2022-08-05T14:26:19.654Z] Time:          Fri Aug 05 2022 21:26:19 GMT+0700 (Western Indonesia Time)
[debug] [2022-08-05T14:26:19.655Z] ----------------------------------------------------------------------
[debug] 
[debug] [2022-08-05T14:26:19.665Z] > command requires scopes: ["email","openid","https://www.googleapis.com/auth/cloudplatformprojects.readonly","https://www.googleapis.com/auth/firebase","https://www.googleapis.com/auth/cloud-platform"]
[debug] [2022-08-05T14:26:19.666Z] > authorizing via signed-in user (shafaprmdna2409@gmail.com)
[info] 
     ######## #### ########  ######## ########     ###     ######  ########
     ##        ##  ##     ## ##       ##     ##  ##   ##  ##       ##
     ######    ##  ########  ######   ########  #########  ######  ######
     ##        ##  ##    ##  ##       ##     ## ##     ##       ## ##
     ##       #### ##     ## ######## ########  ##     ##  ######  ########

You're about to initialize a Firebase project in this directory:

  C:\Users\a\Desktop\mern-file\mern-project-course-2\frontend

[info] 
=== Project Setup
[info] 
[info] First, let's associate this project directory with a Firebase project.
[info] You can create multiple project aliases by running firebase use --add, 
[info] but for now we'll just set up a default project.
[info] 
[debug] [2022-08-05T14:26:27.862Z] >>> [apiv2][query] GET https://firebase.googleapis.com/v1beta1/projects pageSize=100
[debug] [2022-08-05T14:26:28.604Z] <<< [apiv2][status] GET https://firebase.googleapis.com/v1beta1/projects 200
[debug] [2022-08-05T14:26:28.604Z] <<< [apiv2][body] GET https://firebase.googleapis.com/v1beta1/projects [omitted]
[debug] [2022-08-05T14:26:50.457Z] ----------------------------------------------------------------------
[debug] [2022-08-05T14:26:50.460Z] Command:       C:\Program Files\nodejs\node.exe C:\Users\a\AppData\Roaming\npm\node_modules\firebase-tools\lib\bin\firebase.js init
[debug] [2022-08-05T14:26:50.460Z] CLI Version:   11.1.0
[debug] [2022-08-05T14:26:50.460Z] Platform:      win32
[debug] [2022-08-05T14:26:50.460Z] Node Version:  v16.15.1
[debug] [2022-08-05T14:26:50.462Z] Time:          Fri Aug 05 2022 21:26:50 GMT+0700 (Western Indonesia Time)
[debug] [2022-08-05T14:26:50.462Z] ----------------------------------------------------------------------
[debug] 
[debug] [2022-08-05T14:26:50.470Z] > command requires scopes: ["email","openid","https://www.googleapis.com/auth/cloudplatformprojects.readonly","https://www.googleapis.com/auth/firebase","https://www.googleapis.com/auth/cloud-platform"]
[debug] [2022-08-05T14:26:50.470Z] > authorizing via signed-in user (shafaprmdna2409@gmail.com)
[info] 
     ######## #### ########  ######## ########     ###     ######  ########
     ##        ##  ##     ## ##       ##     ##  ##   ##  ##       ##
     ######    ##  ########  ######   ########  #########  ######  ######
     ##        ##  ##    ##  ##       ##     ## ##     ##       ## ##
     ##       #### ##     ## ######## ########  ##     ##  ######  ########

You're about to initialize a Firebase project in this directory:

  C:\Users\a\Desktop\mern-file\mern-project-course-2\frontend

[info] 
=== Project Setup
[info] 
[info] First, let's associate this project directory with a Firebase project.
[info] You can create multiple project aliases by running firebase use --add, 
[info] but for now we'll just set up a default project.
[info] 
[info] i  If you want to create a project in a Google Cloud organization or folder, please use "firebase projects:create" instead, and return to this command when you've created the project. 
[debug] [2022-08-05T14:27:02.247Z] >>> [apiv2][query] POST https://cloudresourcemanager.googleapis.com/v1/projects [none]
[debug] [2022-08-05T14:27:02.248Z] >>> [apiv2][body] POST https://cloudresourcemanager.googleapis.com/v1/projects {"projectId":"mern","name":"mern"}
[debug] [2022-08-05T14:27:03.554Z] <<< [apiv2][status] POST https://cloudresourcemanager.googleapis.com/v1/projects 400
[debug] [2022-08-05T14:27:03.554Z] <<< [apiv2][body] POST https://cloudresourcemanager.googleapis.com/v1/projects {"error":{"code":400,"message":"field [project_id] has issue [project_id must be at least 6 characters long]","status":"INVALID_ARGUMENT","details":[{"@type":"type.googleapis.com/google.rpc.BadRequest","fieldViolations":[{"field":"project_id","description":"project_id must be at least 6 characters long"}]},{"@type":"type.googleapis.com/google.rpc.Help","links":[{"url":"https://cloud.google.com/resource-manager/reference/rest/v1/projects"}]}]}}
[debug] [2022-08-05T14:27:03.800Z] FirebaseError: HTTP Error: 400, field [project_id] has issue [project_id must be at least 6 characters long]
    at responseToError (C:\Users\a\AppData\Roaming\npm\node_modules\firebase-tools\lib\responseToError.js:49:12)
    at RetryOperation._fn (C:\Users\a\AppData\Roaming\npm\node_modules\firebase-tools\lib\apiv2.js:287:77)
    at processTicksAndRejections (node:internal/process/task_queues:96:5)
[error] 
[error] Error: Failed to create project. See firebase-debug.log for more info.
